+ composer update --no-dev --prefer-source
Class ComposerHookHandler is not autoloadable, can not call pre-update-cmd script
Loading composer repositories with package information
Updating dependencies
Package operations: 25 installs, 0 updates, 0 removals
  - Installing composer/installers (v1.9.0): Cloning b93bcf0fa1 from cache
  - Installing justinrainbow/json-schema (5.2.10): Cloning 2ba9c8c862 from cache
  - Installing seld/jsonlint (1.7.1): Cloning d15f59a67f from cache
  - Installing react/promise (v2.8.0): Cloning f3cff96a19 from cache
  - Installing guzzlehttp/streams (3.0.0): Cloning 47aaa48e27 from cache
  - Installing guzzlehttp/ringphp (1.1.1): Cloning 5e2a174052 from cache
  - Installing elasticsearch/elasticsearch (v6.7.2): Cloning 9ba89f905e from cache
  - Installing symfony/css-selector (v3.4.47): Cloning da3d9da2ce from cache
  - Installing onoi/shared-resources (0.4.3): Cloning 322273a746 from cache
  - Installing wikimedia/textcat (1.3.0): Cloning 4f13aed2b3 from cache
  - Installing onoi/tesa (0.1.0): Cloning c8a07ca873 from cache
  - Installing onoi/callback-container (2.0.0): Cloning cf2f4dda1b from cache
  - Installing onoi/cache (1.2.0): Cloning ecc999186a from cache
  - Installing onoi/http-request (1.3.1): Cloning a7cf33bae8 from cache
  - Installing onoi/blob-store (1.2.1): Cloning c3e1f15214 from cache
  - Installing onoi/event-dispatcher (1.1.0): Cloning 2af64e3997 from cache
  - Installing onoi/message-reporter (1.4.1): Cloning cdc7f2c666 from cache
  - Installing serialization/serialization (4.0.0): Cloning 6fa293415e from cache
  - Installing data-values/interfaces (0.2.5): Cloning 441a5c3c4d from cache
  - Installing data-values/data-values (2.3.0): Cloning 0c256a1b0a from cache
  - Installing data-values/validators (0.1.3): Cloning 926673bd5e from cache
  - Installing data-values/common (0.4.3): Cloning 844359d1e7 from cache
  - Installing param-processor/param-processor (1.10.0): Cloning 5dec3e41bd from cache
  - Installing mediawiki/parser-hooks (1.6.1): Cloning 45660efef7 from cache
  - Installing mediawiki/semantic-media-wiki (3.2.2): Cloning b75e296a64 from cache
Package guzzlehttp/streams is abandoned, you should avoid using it. No replacement was suggested.
Package guzzlehttp/ringphp is abandoned, you should avoid using it. No replacement was suggested.
Writing lock file
Generating optimized autoload files
5 packages you are using are looking for funding.
Use the `composer fund` command to find out more!
Class ComposerVendorHtaccessCreator is not autoloadable, can not call post-update-cmd script
